android/app/build/intermediates/manifest_merge_blame_file/release/manifest-merger-blame-release-report.txt
1<?xml version="1.0" encoding="utf-8"?>
2<manifest xmlns:android="http://schemas.android.com/apk/res/android"
3    package="com.mapproject"
4    android:versionCode="1"
5    android:versionName="1.0" >
6
7    <uses-sdk
8        android:minSdkVersion="21"
8-->src\main\AndroidManifest.xml
9        android:targetSdkVersion="30" />
9-->src\main\AndroidManifest.xml
10
11    <uses-permission android:name="android.permission.INTERNET" />
11-->src\main\AndroidManifest.xml:3:3-64
11-->src\main\AndroidManifest.xml:3:20-62
12    <!-- OPTIONAL PERMISSIONS, REMOVE WHATEVER YOU DO NOT NEED -->
13    <uses-permission android:name="android.permission.SYSTEM_ALERT_WINDOW" />
13-->src\main\AndroidManifest.xml:5:3-75
13-->src\main\AndroidManifest.xml:5:20-73
14    <uses-permission android:name="android.permission.VIBRATE" />
14-->src\main\AndroidManifest.xml:6:3-63
14-->src\main\AndroidManifest.xml:6:20-61
15    <!-- These require runtime permissions on M -->
16    <uses-permission android:name="android.permission.READ_EXTERNAL_STORAGE" />
16-->src\main\AndroidManifest.xml:8:3-77
16-->src\main\AndroidManifest.xml:8:20-75
17    <uses-permission android:name="android.permission.WRITE_EXTERNAL_STORAGE" />
17-->src\main\AndroidManifest.xml:9:3-78
17-->src\main\AndroidManifest.xml:9:20-76
18    <uses-permission android:name="android.permission.ACCESS_NETWORK_STATE" />
18-->[:expo-updates] AndroidManifest.xml:11:5-79
18-->[:expo-updates] AndroidManifest.xml:11:22-76
19    <uses-permission android:name="android.permission.ACCESS_COARSE_LOCATION" />
19-->[:react-native-maps] AndroidManifest.xml:10:5-81
19-->[:react-native-maps] AndroidManifest.xml:10:22-78
20
21    <queries>
21-->[:expo-file-system] AndroidManifest.xml:16:5-22:15
22
23        <!-- Query open documents -->
24        <intent>
24-->[:expo-file-system] AndroidManifest.xml:19:9-21:18
25            <action android:name="android.intent.action.OPEN_DOCUMENT_TREE" />
25-->[:expo-file-system] AndroidManifest.xml:20:13-79
25-->[:expo-file-system] AndroidManifest.xml:20:21-76
26        </intent>
27    </queries>
28
29    <uses-permission android:name="android.permission.ACCESS_FINE_LOCATION" />
29-->[:expo-location] AndroidManifest.xml:12:5-79
29-->[:expo-location] AndroidManifest.xml:12:22-76
30    <uses-permission android:name="android.permission.FOREGROUND_SERVICE" />
30-->[:expo-location] AndroidManifest.xml:13:5-77
30-->[:expo-location] AndroidManifest.xml:13:22-74
31
32    <uses-feature
32-->[com.google.android.gms:play-services-maps:17.0.0] AndroidManifest.xml:26:5-28:35
33        android:glEsVersion="0x00020000"
33-->[com.google.android.gms:play-services-maps:17.0.0] AndroidManifest.xml:27:9-41
34        android:required="true" />
34-->[com.google.android.gms:play-services-maps:17.0.0] AndroidManifest.xml:28:9-32
35
36    <uses-permission android:name="com.google.android.finsky.permission.BIND_GET_INSTALL_REFERRER_SERVICE" />
36-->[com.android.installreferrer:installreferrer:1.0] AndroidManifest.xml:9:5-110
36-->[com.android.installreferrer:installreferrer:1.0] AndroidManifest.xml:9:22-107
37    <uses-permission android:name="com.google.android.providers.gsf.permission.READ_GSERVICES" />
37-->[io.nlopez.smartlocation:library:3.2.11] AndroidManifest.xml:15:5-98
37-->[io.nlopez.smartlocation:library:3.2.11] AndroidManifest.xml:15:22-95
38    <uses-permission android:name="com.google.android.gms.permission.ACTIVITY_RECOGNITION" /> <!-- END OPTIONAL PERMISSIONS -->
38-->[io.nlopez.smartlocation:library:3.2.11] AndroidManifest.xml:16:5-94
38-->[io.nlopez.smartlocation:library:3.2.11] AndroidManifest.xml:16:22-91
39    <application
39-->src\main\AndroidManifest.xml:11:3-36:17
40        android:name="com.mapproject.MainApplication"
40-->src\main\AndroidManifest.xml:12:5-36
41        android:allowBackup="false"
41-->src\main\AndroidManifest.xml:16:5-32
42        android:appComponentFactory="androidx.core.app.CoreComponentFactory"
42-->[androidx.core:core:1.3.0] AndroidManifest.xml:24:18-86
43        android:icon="@mipmap/ic_launcher"
43-->src\main\AndroidManifest.xml:14:5-39
44        android:label="@string/app_name"
44-->src\main\AndroidManifest.xml:13:5-37
45        android:roundIcon="@mipmap/ic_launcher_round"
45-->src\main\AndroidManifest.xml:15:5-50
46        android:theme="@style/AppTheme"
46-->src\main\AndroidManifest.xml:17:5-36
47        android:usesCleartextTraffic="true" >
47-->src\main\AndroidManifest.xml:18:5-40
48        <meta-data
48-->src\main\AndroidManifest.xml:20:5-103
49            android:name="expo.modules.updates.EXPO_UPDATE_URL"
49-->src\main\AndroidManifest.xml:20:16-67
50            android:value="YOUR-APP-URL-HERE" />
50-->src\main\AndroidManifest.xml:20:68-101
51        <meta-data
51-->src\main\AndroidManifest.xml:21:5-112
52            android:name="expo.modules.updates.EXPO_SDK_VERSION"
52-->src\main\AndroidManifest.xml:21:16-68
53            android:value="YOUR-APP-SDK-VERSION-HERE" />
53-->src\main\AndroidManifest.xml:21:69-110
54
55        <activity
55-->src\main\AndroidManifest.xml:22:5-34:16
56            android:name="com.mapproject.MainActivity"
56-->src\main\AndroidManifest.xml:23:7-35
57            android:configChanges="keyboard|keyboardHidden|orientation|screenSize|uiMode"
57-->src\main\AndroidManifest.xml:25:7-84
58            android:label="@string/app_name"
58-->src\main\AndroidManifest.xml:24:7-39
59            android:launchMode="singleTask"
59-->src\main\AndroidManifest.xml:26:7-38
60            android:theme="@style/Theme.App.SplashScreen"
60-->src\main\AndroidManifest.xml:28:7-52
61            android:windowSoftInputMode="adjustResize" >
61-->src\main\AndroidManifest.xml:27:7-49
62            <intent-filter>
62-->src\main\AndroidManifest.xml:30:7-33:23
63                <action android:name="android.intent.action.MAIN" />
63-->src\main\AndroidManifest.xml:31:9-60
63-->src\main\AndroidManifest.xml:31:17-58
64
65                <category android:name="android.intent.category.LAUNCHER" />
65-->src\main\AndroidManifest.xml:32:9-68
65-->src\main\AndroidManifest.xml:32:19-66
66            </intent-filter>
67        </activity>
68        <activity android:name="com.facebook.react.devsupport.DevSettingsActivity" />
68-->src\main\AndroidManifest.xml:35:5-81
68-->src\main\AndroidManifest.xml:35:15-79
69
70        <meta-data
70-->[:unimodules-react-native-adapter] AndroidManifest.xml:12:9-14:91
71            android:name="org.unimodules.core.AppLoader#react-native-headless"
71-->[:unimodules-react-native-adapter] AndroidManifest.xml:13:13-79
72            android:value="org.unimodules.adapters.react.apploader.RNHeadlessAppLoader" />
72-->[:unimodules-react-native-adapter] AndroidManifest.xml:14:13-88
73
74        <provider
74-->[:expo-file-system] AndroidManifest.xml:25:9-34:20
75            android:name="expo.modules.filesystem.FileSystemFileProvider"
75-->[:expo-file-system] AndroidManifest.xml:26:13-74
76            android:authorities="com.mapproject.FileSystemFileProvider"
76-->[:expo-file-system] AndroidManifest.xml:27:13-74
77            android:exported="false"
77-->[:expo-file-system] AndroidManifest.xml:28:13-37
78            android:grantUriPermissions="true" >
78-->[:expo-file-system] AndroidManifest.xml:29:13-47
79            <meta-data
79-->[:expo-file-system] AndroidManifest.xml:31:13-33:70
80                android:name="android.support.FILE_PROVIDER_PATHS"
80-->[:expo-file-system] AndroidManifest.xml:32:17-67
81                android:resource="@xml/file_system_provider_paths" />
81-->[:expo-file-system] AndroidManifest.xml:33:17-67
82        </provider>
83
84        <service
84-->[:expo-location] AndroidManifest.xml:16:9-19:56
85            android:name="expo.modules.location.services.LocationTaskService"
85-->[:expo-location] AndroidManifest.xml:17:13-78
86            android:exported="false"
86-->[:expo-location] AndroidManifest.xml:18:13-37
87            android:foregroundServiceType="location" /> <!-- Needs to be explicitly declared on P+ -->
87-->[:expo-location] AndroidManifest.xml:19:13-53
88        <uses-library
88-->[com.google.android.gms:play-services-maps:17.0.0] AndroidManifest.xml:33:9-35:40
89            android:name="org.apache.http.legacy"
89-->[com.google.android.gms:play-services-maps:17.0.0] AndroidManifest.xml:34:13-50
90            android:required="false" />
90-->[com.google.android.gms:play-services-maps:17.0.0] AndroidManifest.xml:35:13-37
91
92        <activity
92-->[com.google.android.gms:play-services-base:17.0.0] AndroidManifest.xml:23:9-26:75
93            android:name="com.google.android.gms.common.api.GoogleApiActivity"
93-->[com.google.android.gms:play-services-base:17.0.0] AndroidManifest.xml:24:13-79
94            android:exported="false"
94-->[com.google.android.gms:play-services-base:17.0.0] AndroidManifest.xml:25:13-37
95            android:theme="@android:style/Theme.Translucent.NoTitleBar" />
95-->[com.google.android.gms:play-services-base:17.0.0] AndroidManifest.xml:26:13-72
96
97        <meta-data
97-->[com.google.android.gms:play-services-basement:17.0.0] AndroidManifest.xml:23:9-25:69
98            android:name="com.google.android.gms.version"
98-->[com.google.android.gms:play-services-basement:17.0.0] AndroidManifest.xml:24:13-58
99            android:value="@integer/google_play_services_version" />
99-->[com.google.android.gms:play-services-basement:17.0.0] AndroidManifest.xml:25:13-66
100
101        <service
101-->[androidx.room:room-runtime:2.1.0] AndroidManifest.xml:25:9-27:40
102            android:name="androidx.room.MultiInstanceInvalidationService"
102-->[androidx.room:room-runtime:2.1.0] AndroidManifest.xml:26:13-74
103            android:exported="false" />
103-->[androidx.room:room-runtime:2.1.0] AndroidManifest.xml:27:13-37
104        <service
104-->[io.nlopez.smartlocation:library:3.2.11] AndroidManifest.xml:19:9-21:40
105            android:name="io.nlopez.smartlocation.activity.providers.ActivityGooglePlayServicesProvider$ActivityRecognitionService"
105-->[io.nlopez.smartlocation:library:3.2.11] AndroidManifest.xml:20:13-132
106            android:exported="false" />
106-->[io.nlopez.smartlocation:library:3.2.11] AndroidManifest.xml:21:13-37
107        <service
107-->[io.nlopez.smartlocation:library:3.2.11] AndroidManifest.xml:22:9-24:40
108            android:name="io.nlopez.smartlocation.geofencing.providers.GeofencingGooglePlayServicesProvider$GeofencingService"
108-->[io.nlopez.smartlocation:library:3.2.11] AndroidManifest.xml:23:13-127
109            android:exported="false" />
109-->[io.nlopez.smartlocation:library:3.2.11] AndroidManifest.xml:24:13-37
110        <service
110-->[io.nlopez.smartlocation:library:3.2.11] AndroidManifest.xml:25:9-27:40
111            android:name="io.nlopez.smartlocation.geocoding.providers.AndroidGeocodingProvider$AndroidGeocodingService"
111-->[io.nlopez.smartlocation:library:3.2.11] AndroidManifest.xml:26:13-120
112            android:exported="false" />
112-->[io.nlopez.smartlocation:library:3.2.11] AndroidManifest.xml:27:13-37
113    </application>
114
115</manifest>